<?xml version="1.0" encoding="UTF-8"?>
<testsuites>
  <testsuite name="fastlane.lanes">
    
    
    
      
      <testcase classname="fastlane.lanes" name="0: Verifying required fastlane version" time="0.002155">
        
      </testcase>
    
      
      <testcase classname="fastlane.lanes" name="1: default_platform" time="0.002323">
        
      </testcase>
    
      
      <testcase classname="fastlane.lanes" name="2: gradle" time="9.014099">
        
          <failure message="/Users/ejm/.fastlane/bin/bundle/lib/ruby/gems/2.2.0/gems/fastlane-2.19.1/fastlane/lib/fastlane/actions/actions_helper.rb:48:in `execute_action'&#10;/Users/ejm/.fastlane/bin/bundle/lib/ruby/gems/2.2.0/gems/fastlane-2.19.1/fastlane/lib/fastlane/runner.rb:221:in `block in execute_action'&#10;/Users/ejm/.fastlane/bin/bundle/lib/ruby/gems/2.2.0/gems/fastlane-2.19.1/fastlane/lib/fastlane/runner.rb:217:in `chdir'&#10;/Users/ejm/.fastlane/bin/bundle/lib/ruby/gems/2.2.0/gems/fastlane-2.19.1/fastlane/lib/fastlane/runner.rb:217:in `execute_action'&#10;/Users/ejm/.fastlane/bin/bundle/lib/ruby/gems/2.2.0/gems/fastlane-2.19.1/fastlane/lib/fastlane/runner.rb:139:in `trigger_action_by_name'&#10;/Users/ejm/.fastlane/bin/bundle/lib/ruby/gems/2.2.0/gems/fastlane-2.19.1/fastlane/lib/fastlane/fast_file.rb:146:in `method_missing'&#10;Fastfile:122:in `block (2 levels) in parsing_binding'&#10;/Users/ejm/.fastlane/bin/bundle/lib/ruby/gems/2.2.0/gems/fastlane-2.19.1/fastlane/lib/fastlane/lane.rb:33:in `call'&#10;/Users/ejm/.fastlane/bin/bundle/lib/ruby/gems/2.2.0/gems/fastlane-2.19.1/fastlane/lib/fastlane/lane.rb:33:in `call'&#10;/Users/ejm/.fastlane/bin/bundle/lib/ruby/gems/2.2.0/gems/fastlane-2.19.1/fastlane/lib/fastlane/runner.rb:49:in `block in execute'&#10;/Users/ejm/.fastlane/bin/bundle/lib/ruby/gems/2.2.0/gems/fastlane-2.19.1/fastlane/lib/fastlane/runner.rb:45:in `chdir'&#10;/Users/ejm/.fastlane/bin/bundle/lib/ruby/gems/2.2.0/gems/fastlane-2.19.1/fastlane/lib/fastlane/runner.rb:45:in `execute'&#10;/Users/ejm/.fastlane/bin/bundle/lib/ruby/gems/2.2.0/gems/fastlane-2.19.1/fastlane/lib/fastlane/lane_manager.rb:52:in `cruise_lane'&#10;/Users/ejm/.fastlane/bin/bundle/lib/ruby/gems/2.2.0/gems/fastlane-2.19.1/fastlane/lib/fastlane/command_line_handler.rb:30:in `handle'&#10;/Users/ejm/.fastlane/bin/bundle/lib/ruby/gems/2.2.0/gems/fastlane-2.19.1/fastlane/lib/fastlane/commands_generator.rb:105:in `block (2 levels) in run'&#10;/Users/ejm/.fastlane/bin/bundle/lib/ruby/gems/2.2.0/gems/commander-4.4.3/lib/commander/command.rb:178:in `call'&#10;/Users/ejm/.fastlane/bin/bundle/lib/ruby/gems/2.2.0/gems/commander-4.4.3/lib/commander/command.rb:178:in `call'&#10;/Users/ejm/.fastlane/bin/bundle/lib/ruby/gems/2.2.0/gems/commander-4.4.3/lib/commander/command.rb:153:in `run'&#10;/Users/ejm/.fastlane/bin/bundle/lib/ruby/gems/2.2.0/gems/commander-4.4.3/lib/commander/runner.rb:446:in `run_active_command'&#10;/Users/ejm/.fastlane/bin/bundle/lib/ruby/gems/2.2.0/gems/fastlane-2.19.1/fastlane_core/lib/fastlane_core/ui/fastlane_runner.rb:38:in `run!'&#10;/Users/ejm/.fastlane/bin/bundle/lib/ruby/gems/2.2.0/gems/commander-4.4.3/lib/commander/delegates.rb:15:in `run!'&#10;/Users/ejm/.fastlane/bin/bundle/lib/ruby/gems/2.2.0/gems/fastlane-2.19.1/fastlane/lib/fastlane/commands_generator.rb:302:in `run'&#10;/Users/ejm/.fastlane/bin/bundle/lib/ruby/gems/2.2.0/gems/fastlane-2.19.1/fastlane/lib/fastlane/commands_generator.rb:42:in `start'&#10;/Users/ejm/.fastlane/bin/bundle/lib/ruby/gems/2.2.0/gems/fastlane-2.19.1/fastlane/lib/fastlane/cli_tools_distributor.rb:65:in `take_off'&#10;/Users/ejm/.fastlane/bin/bundle/lib/ruby/gems/2.2.0/gems/fastlane-2.19.1/bin/fastlane:15:in `&lt;top (required)&gt;'&#10;/Users/ejm/.fastlane/bin/bundle/bin/fastlane:22:in `load'&#10;/Users/ejm/.fastlane/bin/bundle/bin/fastlane:22:in `&lt;main&gt;'&#10;&#10;Exit status of command '/Users/ejm/Desktop/bar-lord-mobile/android/gradlew assembleRelease -p android/' was 1 instead of 0.&#10;Reading env from: .env&#10;Observed package id 'add-ons;addon-google_apis-google-23' in inconsistent location '/Users/ejm/Library/Android/sdk/add-ons/addon-google_apis-google-23-1' (Expected '/Users/ejm/Library/Android/sdk/add-ons/addon-google_apis-google-23')&#10;Already observed package id 'add-ons;addon-google_apis-google-23' in '/Users/ejm/Library/Android/sdk/add-ons/addon-google_apis-google-23'. Skipping duplicate at '/Users/ejm/Library/Android/sdk/add-ons/addon-google_apis-google-23-1'&#10;Observed package id 'add-ons;addon-google_apis-google-23' in inconsistent location '/Users/ejm/Library/Android/sdk/add-ons/addon-google_apis-google-23-1' (Expected '/Users/ejm/Library/Android/sdk/add-ons/addon-google_apis-google-23')&#10;Already observed package id 'add-ons;addon-google_apis-google-23' in '/Users/ejm/Library/Android/sdk/add-ons/addon-google_apis-google-23'. Skipping duplicate at '/Users/ejm/Library/Android/sdk/add-ons/addon-google_apis-google-23-1'&#10;Incremental java compilation is an incubating feature.&#10;:app:preBuild UP-TO-DATE&#10;:app:preReleaseBuild UP-TO-DATE&#10;:app:checkReleaseManifest&#10;:app:preDebugBuild UP-TO-DATE&#10;:react-native-config:preBuild UP-TO-DATE&#10;:react-native-config:preReleaseBuild UP-TO-DATE&#10;:react-native-config:checkReleaseManifest&#10;:react-native-config:preDebugAndroidTestBuild UP-TO-DATE&#10;:react-native-config:preDebugBuild UP-TO-DATE&#10;:react-native-config:preDebugUnitTestBuild UP-TO-DATE&#10;:react-native-config:preReleaseUnitTestBuild UP-TO-DATE&#10;:react-native-config:prepareComAndroidSupportAppcompatV72301Library UP-TO-DATE&#10;:react-native-config:prepareComAndroidSupportRecyclerviewV72301Library UP-TO-DATE&#10;:react-native-config:prepareComAndroidSupportSupportV42321Library UP-TO-DATE&#10;:react-native-config:prepareComFacebookFrescoDrawee0110Library FAILED&#10;&#10;FAILURE: Build failed with an exception.&#10;&#10;* What went wrong:&#10;Execution failed for task ':react-native-config:prepareComFacebookFrescoDrawee0110Library'.&#10;&gt; Could not expand ZIP '/Users/ejm/.gradle/caches/modules-2/files-2.1/com.facebook.fresco/drawee/0.11.0/7c8a4d211b2334b6d52b9de614b52423b16f7704/drawee-0.11.0.aar'.&#10;&#10;* Try:&#10;Run with --stacktrace option to get the stack trace. Run with --info or --debug option to get more log output.&#10;&#10;BUILD FAILED&#10;&#10;Total time: 8.409 secs&#10;" />
        
      </testcase>
    
  </testsuite>
</testsuites>
